<?xml version="1.0" encoding="UTF-8"?>
<testsuite xmlns:xsi="http://www.w3.org/2001/XMLSchema-instance" xsi:noNamespaceSchemaLocation="https://maven.apache.org/surefire/maven-surefire-plugin/xsd/surefire-test-report-3.0.xsd" version="3.0" name="TestSuite" time="1.172" tests="1" errors="0" skipped="0" failures="0">
  <properties>
    <property name="sun.desktop" value="windows"/>
    <property name="awt.toolkit" value="sun.awt.windows.WToolkit"/>
    <property name="file.encoding.pkg" value="sun.io"/>
    <property name="java.specification.version" value="1.8"/>
    <property name="sun.cpu.isalist" value="amd64"/>
    <property name="sun.jnu.encoding" value="Cp1252"/>
    <property name="java.class.path" value="C:\Users\Tejkumar\Desktop\GIT\March23_MavenProject\target\test-classes;C:\Users\Tejkumar\Desktop\GIT\March23_MavenProject\target\classes;C:\Users\Tejkumar\.m2\repository\org\testng\testng\7.1.0\testng-7.1.0.jar;C:\Users\Tejkumar\.m2\repository\com\beust\jcommander\1.72\jcommander-1.72.jar;C:\Users\Tejkumar\.m2\repository\com\google\inject\guice\4.1.0\guice-4.1.0-no_aop.jar;C:\Users\Tejkumar\.m2\repository\javax\inject\javax.inject\1\javax.inject-1.jar;C:\Users\Tejkumar\.m2\repository\aopalliance\aopalliance\1.0\aopalliance-1.0.jar;C:\Users\Tejkumar\.m2\repository\com\google\guava\guava\19.0\guava-19.0.jar;C:\Users\Tejkumar\.m2\repository\org\yaml\snakeyaml\1.21\snakeyaml-1.21.jar;"/>
    <property name="java.vm.vendor" value="Oracle Corporation"/>
    <property name="sun.arch.data.model" value="64"/>
    <property name="user.variant" value=""/>
    <property name="java.vendor.url" value="http://java.oracle.com/"/>
    <property name="user.timezone" value="Asia/Calcutta"/>
    <property name="java.vm.specification.version" value="1.8"/>
    <property name="os.name" value="Windows 10"/>
    <property name="user.country" value="IN"/>
    <property name="sun.java.launcher" value="SUN_STANDARD"/>
    <property name="sun.boot.library.path" value="C:\Program Files\Java\jdk1.8.0_231\jre\bin"/>
    <property name="sun.java.command" value="C:\Users\Tejkumar\AppData\Local\Temp\surefire4467994065289253060\surefirebooter3717140911943516519.jar C:\Users\Tejkumar\AppData\Local\Temp\surefire4467994065289253060 2020-03-22T08-19-58_788-jvmRun1 surefire5444373934537996784tmp surefire_04916500494668939706tmp"/>
    <property name="surefire.test.class.path" value="C:\Users\Tejkumar\Desktop\GIT\March23_MavenProject\target\test-classes;C:\Users\Tejkumar\Desktop\GIT\March23_MavenProject\target\classes;C:\Users\Tejkumar\.m2\repository\org\testng\testng\7.1.0\testng-7.1.0.jar;C:\Users\Tejkumar\.m2\repository\com\beust\jcommander\1.72\jcommander-1.72.jar;C:\Users\Tejkumar\.m2\repository\com\google\inject\guice\4.1.0\guice-4.1.0-no_aop.jar;C:\Users\Tejkumar\.m2\repository\javax\inject\javax.inject\1\javax.inject-1.jar;C:\Users\Tejkumar\.m2\repository\aopalliance\aopalliance\1.0\aopalliance-1.0.jar;C:\Users\Tejkumar\.m2\repository\com\google\guava\guava\19.0\guava-19.0.jar;C:\Users\Tejkumar\.m2\repository\org\yaml\snakeyaml\1.21\snakeyaml-1.21.jar;"/>
    <property name="sun.cpu.endian" value="little"/>
    <property name="user.home" value="C:\Users\Tejkumar"/>
    <property name="user.language" value="en"/>
    <property name="java.specification.vendor" value="Oracle Corporation"/>
    <property name="java.home" value="C:\Program Files\Java\jdk1.8.0_231\jre"/>
    <property name="basedir" value="C:\Users\Tejkumar\Desktop\GIT\March23_MavenProject"/>
    <property name="file.separator" value="\"/>
    <property name="line.separator" value="&#10;"/>
    <property name="java.vm.specification.vendor" value="Oracle Corporation"/>
    <property name="java.specification.name" value="Java Platform API Specification"/>
    <property name="java.awt.graphicsenv" value="sun.awt.Win32GraphicsEnvironment"/>
    <property name="surefire.real.class.path" value="C:\Users\Tejkumar\AppData\Local\Temp\surefire4467994065289253060\surefirebooter3717140911943516519.jar"/>
    <property name="sun.boot.class.path" value="C:\Program Files\Java\jdk1.8.0_231\jre\lib\resources.jar;C:\Program Files\Java\jdk1.8.0_231\jre\lib\rt.jar;C:\Program Files\Java\jdk1.8.0_231\jre\lib\sunrsasign.jar;C:\Program Files\Java\jdk1.8.0_231\jre\lib\jsse.jar;C:\Program Files\Java\jdk1.8.0_231\jre\lib\jce.jar;C:\Program Files\Java\jdk1.8.0_231\jre\lib\charsets.jar;C:\Program Files\Java\jdk1.8.0_231\jre\lib\jfr.jar;C:\Program Files\Java\jdk1.8.0_231\jre\classes"/>
    <property name="user.script" value=""/>
    <property name="sun.management.compiler" value="HotSpot 64-Bit Tiered Compilers"/>
    <property name="java.runtime.version" value="1.8.0_231-b11"/>
    <property name="user.name" value="Tejkumar"/>
    <property name="path.separator" value=";"/>
    <property name="os.version" value="10.0"/>
    <property name="java.endorsed.dirs" value="C:\Program Files\Java\jdk1.8.0_231\jre\lib\endorsed"/>
    <property name="java.runtime.name" value="Java(TM) SE Runtime Environment"/>
    <property name="file.encoding" value="Cp1252"/>
    <property name="java.vm.name" value="Java HotSpot(TM) 64-Bit Server VM"/>
    <property name="localRepository" value="C:\Users\Tejkumar\.m2\repository"/>
    <property name="java.vendor.url.bug" value="http://bugreport.sun.com/bugreport/"/>
    <property name="java.io.tmpdir" value="C:\Users\Tejkumar\AppData\Local\Temp\"/>
    <property name="java.version" value="1.8.0_231"/>
    <property name="user.dir" value="C:\Users\Tejkumar\Desktop\GIT\March23_MavenProject"/>
    <property name="os.arch" value="amd64"/>
    <property name="java.vm.specification.name" value="Java Virtual Machine Specification"/>
    <property name="java.awt.printerjob" value="sun.awt.windows.WPrinterJob"/>
    <property name="sun.os.patch.level" value=""/>
    <property name="java.library.path" value="C:\Program Files\Java\jdk1.8.0_231\jre\bin;C:\WINDOWS\Sun\Java\bin;C:\WINDOWS\system32;C:\WINDOWS;C:/Program Files/Java/jre1.8.0_231/bin/server;C:/Program Files/Java/jre1.8.0_231/bin;C:/Program Files/Java/jre1.8.0_231/lib/amd64;C:\Program Files (x86)\Common Files\Oracle\Java\javapath;C:\ProgramData\Boxstarter;C:\Program Files (x86)\Intel\iCLS Client\;C:\Program Files\Intel\iCLS Client\;C:\WINDOWS\system32;C:\WINDOWS;C:\WINDOWS\System32\Wbem;C:\WINDOWS\System32\WindowsPowerShell\v1.0\;C:\Program Files (x86)\Intel\Intel(R) Management Engine Components\DAL;C:\Program Files\Intel\Intel(R) Management Engine Components\DAL;C:\Program Files (x86)\Intel\Intel(R) Management Engine Components\IPT;C:\Program Files\Intel\Intel(R) Management Engine Components\IPT;C:\Program Files\Java\jdk-10.0.2\\bin;C:\Program Files\Intel\WiFi\bin\;C:\Program Files\Common Files\Intel\WirelessCommon\;C:\WINDOWS\System32\OpenSSH\;C:\Users\Tejkumar\AppData\Roaming\Microsoft\Windows\Start Menu\Programs\Python 3.7;C:\Program Files (x86)\Brackets\command;C:\Users\Tejkumar\AppData\Roaming\npm;C:\Users\Tejkumar\AppData\Roaming\npm\node_modules;C:\ProgramData\chocolatey\bin;C:\Users\Tejkumar\AppData\Local\Android\Sdk\tools;C:\Users\Tejkumar\AppData\Local\Android\Sdk\platform-tools;C:\Program Files (x86)\Appium;C:\Program Files\Git\cmd;E:\apache-maven-3.6.3-bin\apache-maven-3.6.3\bin;C:\Program Files\nodejs\;C:\Program Files\Java\jdk1.8.0_231\bin;C:\Program Files\Java\jdk1.8.0_231;C:\Users\Tejkumar\Desktop\-appium-\-softwares-\sdk-tools-windows-4333796\platform-tools;C:\Users\Tejkumar\Desktop\-appium-\-softwares-\sdk-tools-windows-4333796\build-tools\28.0.0\zipalign.exe;C:\Users\Tejkumar\Desktop\-appium-\-softwares-\sdk-tools-windows-4333796;C:\Program Files\Java\jdk1.8.0_231\lib;C:\Program Files\Java\jdk1.8.0_231;C:\Users\Tejkumar\Desktop\-appium-\-softwares-\sdk-tools-windows-4333796\tools;C:\Users\Tejkumar\Desktop\-appium-\-softwares-\sdk-tools-windows-4333796\platform-tools;C:\Users\Tejkumar\Desktop\-appium-\-softwares-\sdk-tools-windows-4333796\build-tools;C:\Users\Tejkumar\Desktop\-appium-\-softwares-\sdk-tools-windows-4333796\tools;C:\Users\Tejkumar\Desktop\-appium-\-softwares-\sdk-tools-windows-4333796\platform-tools;C:\Users\Tejkumar\AppData\Local\GitHubDesktop\bin;C:\Users\Tejkumar\AppData\Local\Microsoft\WindowsApps;E:\apache-maven-3.6.2-bin\apache-maven-3.6.2;C:\Users\Tejkumar\AppData\Roaming\npm;C:\Program Files\Java\jdk1.8.0_231;C:\Program Files\Java\jre1.8.0_231;C:\Program Files\Java\jre1.8.0_231\bin;C:\Program Files\Java\jdk1.8.0_231\bin;;E:\-eclipse-oxygen\eclipse;;."/>
    <property name="java.vm.info" value="mixed mode"/>
    <property name="java.vendor" value="Oracle Corporation"/>
    <property name="java.vm.version" value="25.231-b11"/>
    <property name="java.ext.dirs" value="C:\Program Files\Java\jdk1.8.0_231\jre\lib\ext;C:\WINDOWS\Sun\Java\lib\ext"/>
    <property name="sun.io.unicode.encoding" value="UnicodeLittle"/>
    <property name="java.class.version" value="52.0"/>
  </properties>
  <testcase name="loginTest" classname="test_feature.LoginTest" time="0.012"/>
</testsuite>