<?xml version="1.0" encoding="UTF-8"?>
<!-- Generated by org.testng.reporters.JUnitReportReporter -->
<testsuite skipped="0" hostname="LAPTOP-RKQUPA26" name="test_feature.LoginTest" tests="1" failures="0" timestamp="2020-03-22T08:20:01 IST" time="0.008" errors="0">
  <testcase name="loginTest" time="0.008" classname="test_feature.LoginTest"/>
  <system-out/>
</testsuite> <!-- test_feature.LoginTest -->
